<?xml version="1.0" encoding="UTF-8"?>
<!-- Generated by org.testng.reporters.JUnitReportReporter -->
<testsuite hostname="DESKTOP-F9QUEEP" failures="0" tests="3" name="testcases.BankLogin" time="17.580" errors="0" timestamp="2023-01-06T22:30:38 GMT-05:00" skipped="0">
  <testcase classname="testcases.BankLogin" name="applyForLoan" time="5.906"/>
  <system-out/>
  <testcase classname="testcases.BankLogin" name="applyForLoanPageFactory" time="5.584"/>
  <system-out/>
  <testcase classname="testcases.BankLogin" name="login" time="6.090"/>
  <system-out/>
</testsuite> <!-- testcases.BankLogin -->
