<?xml version="1.0" encoding="UTF-8"?>
<!-- Generated by org.testng.reporters.JUnitReportReporter -->
<testsuite hostname="DESKTOP-F9QUEEP" failures="0" tests="2" name="lesson23.TestA" time="0.009" errors="0" timestamp="2023-01-11T23:48:09 GMT-05:00" skipped="0">
  <testcase classname="lesson23.TestA" name="testA2" time="0.001"/>
  <system-out/>
  <testcase classname="lesson23.TestA" name="testA1" time="0.008"/>
  <system-out/>
</testsuite> <!-- lesson23.TestA -->
