<?xml version="1.0" encoding="UTF-8"?>
<!-- Generated by org.testng.reporters.JUnitReportReporter -->
<testsuite hostname="DESKTOP-F9QUEEP" failures="0" tests="2" name="lesson22.TestA" time="0.007" errors="0" timestamp="2022-12-18T21:55:14 GMT-05:00" skipped="0">
  <testcase classname="lesson22.TestA" name="testA1" time="0.006"/>
  <system-out/>
  <testcase classname="lesson22.TestA" name="testA2" time="0.001"/>
  <system-out/>
</testsuite> <!-- lesson22.TestA -->
