<?xml version="1.0" encoding="UTF-8"?>
<!-- Generated by org.testng.reporters.JUnitReportReporter -->
<testsuite hostname="DESKTOP-F9QUEEP" failures="0" tests="2" name="lesson23.TestA" time="0.011" errors="0" timestamp="2022-12-29T23:01:02 GMT-05:00" skipped="0">
  <testcase classname="lesson23.TestA" name="testA1" time="0.011"/>
  <system-out/>
  <testcase classname="lesson23.TestA" name="testA2" time="0.000"/>
  <system-out/>
</testsuite> <!-- lesson23.TestA -->
