<?xml version="1.0" encoding="UTF-8"?>
<!-- Generated by org.testng.reporters.JUnitReportReporter -->
<testsuite hostname="DESKTOP-F9QUEEP" failures="0" tests="3" name="testcases.BankLogin" time="15.987" errors="0" timestamp="2022-12-29T23:01:02 GMT-05:00" skipped="0">
  <testcase classname="testcases.BankLogin" name="login" time="4.109"/>
  <system-out/>
  <testcase classname="testcases.BankLogin" name="applyForLoanPageFactory" time="4.970"/>
  <system-out/>
  <testcase classname="testcases.BankLogin" name="applyForLoan" time="6.908"/>
  <system-out/>
</testsuite> <!-- testcases.BankLogin -->
